{
  "0 debug pnpm:scope": {
    "selected": 1
  },
  "1 error pnpm": {
    "shortMessage": "Command failed with exit code 1: /tmp/dlx-4915/bin/create-react-app frontend",
    "command": "/tmp/dlx-4915/bin/create-react-app frontend",
    "escapedCommand": "\"/tmp/dlx-4915/bin/create-react-app\" frontend",
    "exitCode": 1,
    "failed": true,
    "timedOut": false,
    "isCanceled": false,
    "killed": false,
    "err": {
      "name": "pnpm",
      "message": "Command failed with exit code 1: /tmp/dlx-4915/bin/create-react-app frontend",
      "stack": "pnpm: Command failed with exit code 1: /tmp/dlx-4915/bin/create-react-app frontend\n    at makeError (/home/macluiggy/.nvm/versions/node/v14.17.5/pnpm-global/5/node_modules/.pnpm/pnpm@6.17.2/node_modules/pnpm/dist/pnpm.cjs:48965:17)\n    at handlePromise (/home/macluiggy/.nvm/versions/node/v14.17.5/pnpm-global/5/node_modules/.pnpm/pnpm@6.17.2/node_modules/pnpm/dist/pnpm.cjs:49536:33)\n    at processTicksAndRejections (internal/process/task_queues.js:95:5)\n    at async Object.handler [as dlx] (/home/macluiggy/.nvm/versions/node/v14.17.5/pnpm-global/5/node_modules/.pnpm/pnpm@6.17.2/node_modules/pnpm/dist/pnpm.cjs:129368:7)\n    at async /home/macluiggy/.nvm/versions/node/v14.17.5/pnpm-global/5/node_modules/.pnpm/pnpm@6.17.2/node_modules/pnpm/dist/pnpm.cjs:133951:20\n    at async run (/home/macluiggy/.nvm/versions/node/v14.17.5/pnpm-global/5/node_modules/.pnpm/pnpm@6.17.2/node_modules/pnpm/dist/pnpm.cjs:133926:34)\n    at async runPnpm (/home/macluiggy/.nvm/versions/node/v14.17.5/pnpm-global/5/node_modules/.pnpm/pnpm@6.17.2/node_modules/pnpm/dist/pnpm.cjs:134137:5)\n    at async /home/macluiggy/.nvm/versions/node/v14.17.5/pnpm-global/5/node_modules/.pnpm/pnpm@6.17.2/node_modules/pnpm/dist/pnpm.cjs:134129:7"
    }
  }
}